\BOOKMARK [1][-]{section.1}{\376\377\000I\000n\000t\000r\000o\000d\000u\000c\000t\000i\000o\000n}{}% 1
\BOOKMARK [1][-]{section.2}{\376\377\000R\000e\000l\000a\000t\000e\000d\000\040\000W\000o\000r\000k}{}% 2
\BOOKMARK [2][-]{subsection.2.1}{\376\377\000A\000l\000g\000o\000r\000i\000t\000h\000m\000i\000c\000\040\000S\000t\000a\000b\000i\000l\000i\000t\000y\000\040\000a\000n\000d\000\040\000G\000e\000n\000e\000r\000a\000l\000i\000z\000a\000t\000i\000o\000n}{section.2}% 3
\BOOKMARK [2][-]{subsection.2.2}{\376\377\000N\000e\000a\000r\000e\000s\000t\000-\000N\000e\000i\000g\000h\000b\000o\000r\000\040\000C\000l\000a\000s\000s\000i\000f\000i\000c\000a\000t\000i\000o\000n\000\040\000a\000n\000d\000\040\000D\000e\000l\000e\000t\000e\000d\000\040\000E\000s\000t\000i\000m\000a\000t\000e\000s}{section.2}% 4
\BOOKMARK [2][-]{subsection.2.3}{\376\377\000L\000e\000a\000v\000e\000-\000O\000n\000e\000-\000O\000u\000t\000\040\000a\000n\000d\000\040\000C\000o\000n\000f\000o\000r\000m\000a\000l\000\040\000S\000t\000a\000b\000i\000l\000i\000t\000y}{section.2}% 5
\BOOKMARK [2][-]{subsection.2.4}{\376\377\000F\000i\000n\000i\000t\000e\000\040\000M\000e\000t\000r\000i\000c\000\040\000W\000i\000t\000n\000e\000s\000s\000e\000s\000\040\000a\000n\000d\000\040\000L\000o\000c\000a\000l\000\040\000L\000e\000a\000r\000n\000i\000n\000g\000\040\000R\000u\000l\000e\000s}{section.2}% 6
\BOOKMARK [2][-]{subsection.2.5}{\376\377\000W\000h\000a\000t\000\040\000t\000h\000e\000\040\000P\000a\000p\000e\000r\000\040\000A\000c\000h\000i\000e\000v\000e\000s}{section.2}% 7
\BOOKMARK [1][-]{section.3}{\376\377\000D\000e\000f\000i\000n\000i\000t\000i\000o\000n\000s\000\040\000a\000n\000d\000\040\000P\000r\000e\000l\000i\000m\000i\000n\000a\000r\000i\000e\000s}{}% 8
\BOOKMARK [2][-]{subsection.3.1}{\376\377\000D\000a\000t\000a\000\040\000M\000o\000d\000e\000l\000\040\000a\000n\000d\000\040\000S\000a\000m\000p\000l\000e}{section.3}% 9
\BOOKMARK [2][-]{subsection.3.2}{\376\377\000P\000r\000e\000d\000i\000c\000t\000i\000o\000n\000\040\000R\000u\000l\000e}{section.3}% 10
\BOOKMARK [2][-]{subsection.3.3}{\376\377\000L\000o\000s\000s\000\040\000F\000u\000n\000c\000t\000i\000o\000n}{section.3}% 11
\BOOKMARK [2][-]{subsection.3.4}{\376\377\000S\000a\000m\000p\000l\000e\000\040\000P\000e\000r\000t\000u\000r\000b\000a\000t\000i\000o\000n\000s}{section.3}% 12
\BOOKMARK [2][-]{subsection.3.5}{\376\377\000S\000t\000a\000b\000i\000l\000i\000t\000y\000\040\000N\000o\000t\000i\000o\000n\000s}{section.3}% 13
\BOOKMARK [2][-]{subsection.3.6}{\376\377\000C\000o\000n\000s\000i\000s\000t\000e\000n\000c\000y\000\040\000N\000o\000t\000e}{section.3}% 14
\BOOKMARK [1][-]{section.4}{\376\377\000U\000n\000i\000f\000o\000r\000m\000\040\000S\000t\000a\000b\000i\000l\000i\000t\000y\000\040\000C\000a\000l\000c\000u\000l\000u\000s}{}% 15
\BOOKMARK [1][-]{section.5}{\376\377\000E\000x\000a\000c\000t\000\040\000D\000e\000t\000e\000r\000m\000i\000n\000i\000s\000t\000i\000c\000\040\000k\000-\000N\000N\000\040\000P\000e\000r\000t\000u\000r\000b\000a\000t\000i\000o\000n\000\040\000C\000r\000i\000t\000e\000r\000i\000o\000n}{}% 16
\BOOKMARK [1][-]{section.6}{\376\377\000A\000\040\000T\000w\000o\000-\000P\000o\000i\000n\000t\000\040\000S\000e\000p\000a\000r\000a\000t\000i\000o\000n\000\040\000B\000e\000t\000w\000e\000e\000n\000\040\000L\000O\000O\000\040\000a\000n\000d\000\040\000R\000e\000p\000l\000a\000c\000e\000-\000O\000n\000e\000\040\000S\000t\000a\000b\000i\000l\000i\000t\000y}{}% 17
\BOOKMARK [1][-]{section.7}{\376\377\000O\000d\000d\000-\000k\000\040\000S\000e\000p\000a\000r\000a\000t\000i\000o\000n\000:\000\040\000A\000\040\000G\000e\000n\000e\000r\000a\000l\000\040\000C\000o\000n\000s\000t\000r\000u\000c\000t\000i\000o\000n}{}% 18
\BOOKMARK [2][-]{subsection.7.1}{\376\377\000C\000o\000n\000s\000t\000r\000u\000c\000t\000i\000o\000n}{section.7}% 19
\BOOKMARK [2][-]{subsection.7.2}{\376\377\000R\000e\000m\000a\000r\000k\000s\000\040\000o\000n\000\040\000t\000h\000e\000\040\000C\000o\000n\000s\000t\000r\000u\000c\000t\000i\000o\000n}{section.7}% 20
\BOOKMARK [2][-]{subsection.7.3}{\376\377\000C\000o\000m\000p\000a\000r\000i\000s\000o\000n\000\040\000w\000i\000t\000h\000\040\000P\000r\000i\000o\000r\000\040\000C\000o\000m\000p\000u\000t\000a\000t\000i\000o\000n\000a\000l\000\040\000E\000v\000i\000d\000e\000n\000c\000e}{section.7}% 21
\BOOKMARK [1][-]{section.8}{\376\377\000E\000v\000e\000n\000-\000k\000\040\000A\000n\000a\000l\000y\000s\000i\000s}{}% 22
\BOOKMARK [2][-]{subsection.8.1}{\376\377\000A\000n\000\040\000E\000v\000e\000n\000-\000k\000\040\000S\000e\000p\000a\000r\000a\000t\000i\000o\000n}{section.8}% 23
\BOOKMARK [2][-]{subsection.8.2}{\376\377\000S\000t\000r\000u\000c\000t\000u\000r\000a\000l\000\040\000D\000i\000f\000f\000e\000r\000e\000n\000c\000e\000s\000\040\000B\000e\000t\000w\000e\000e\000n\000\040\000O\000d\000d\000\040\000a\000n\000d\000\040\000E\000v\000e\000n\000\040\000k}{section.8}% 24
\BOOKMARK [2][-]{subsection.8.3}{\376\377\000S\000u\000m\000m\000a\000r\000y}{section.8}% 25
\BOOKMARK [1][-]{section.9}{\376\377\000C\000o\000m\000p\000l\000e\000t\000e\000\040\000S\000t\000a\000b\000i\000l\000i\000t\000y\000\040\000H\000i\000e\000r\000a\000r\000c\000h\000y}{}% 26
\BOOKMARK [2][-]{subsection.9.1}{\376\377\000H\000i\000e\000r\000a\000r\000c\000h\000y\000\040\000T\000a\000b\000l\000e}{section.9}% 27
\BOOKMARK [2][-]{subsection.9.2}{\376\377\000K\000e\000y\000\040\000R\000e\000l\000a\000t\000i\000o\000n\000s\000h\000i\000p\000s}{section.9}% 28
\BOOKMARK [3][-]{subsubsection.9.2.1}{\376\377\000U\000n\000i\000f\000o\000r\000m\000\040\000d\000e\000l\000e\000t\000e\000+\000i\000n\000s\000e\000r\000t\000\040\000\040\000u\000n\000i\000f\000o\000r\000m\000\040\000r\000e\000p\000l\000a\000c\000e\000-\000o\000n\000e}{subsection.9.2}% 29
\BOOKMARK [3][-]{subsubsection.9.2.2}{\376\377\000P\000o\000i\000n\000t\000w\000i\000s\000e\000\040\000L\000O\000O\000\040\000v\000s\000.\000\040\000p\000o\000i\000n\000t\000w\000i\000s\000e\000\040\000r\000e\000p\000l\000a\000c\000e\000-\000o\000n\000e}{subsection.9.2}% 30
\BOOKMARK [3][-]{subsubsection.9.2.3}{\376\377\000P\000o\000i\000n\000t\000w\000i\000s\000e\000\040\000d\000e\000l\000e\000t\000e\000-\000o\000n\000e\000\040\000\050\000a\000l\000l\000\040\000q\000u\000e\000r\000i\000e\000s\000\051\000\040\000v\000s\000.\000\040\000p\000o\000i\000n\000t\000w\000i\000s\000e\000\040\000L\000O\000O}{subsection.9.2}% 31
\BOOKMARK [3][-]{subsubsection.9.2.4}{\376\377\000D\000e\000t\000e\000r\000m\000i\000n\000i\000s\000t\000i\000c\000\040\000t\000i\000e\000-\000b\000r\000e\000a\000k\000i\000n\000g\000\040\000v\000s\000.\000\040\000r\000a\000n\000d\000o\000m\000i\000z\000e\000d\000\040\000t\000i\000e\000-\000b\000r\000e\000a\000k\000i\000n\000g}{subsection.9.2}% 32
\BOOKMARK [2][-]{subsection.9.3}{\376\377\000S\000u\000m\000m\000a\000r\000y\000\040\000D\000i\000a\000g\000r\000a\000m}{section.9}% 33
\BOOKMARK [1][-]{section.10}{\376\377\000R\000e\000l\000a\000t\000i\000o\000n\000\040\000t\000o\000\040\000C\000l\000a\000s\000s\000i\000c\000a\000l\000\040\000S\000t\000a\000b\000i\000l\000i\000t\000y\000,\000\040\000C\000o\000n\000s\000i\000s\000t\000e\000n\000c\000y\000,\000\040\000a\000n\000d\000\040\000C\000o\000n\000f\000o\000r\000m\000a\000l\000\040\000P\000r\000e\000d\000i\000c\000t\000i\000o\000n}{}% 34
\BOOKMARK [1][-]{section.11}{\376\377\000E\000x\000p\000e\000r\000i\000m\000e\000n\000t\000a\000l\000\040\000E\000v\000i\000d\000e\000n\000c\000e}{}% 35
\BOOKMARK [2][-]{subsection.11.1}{\376\377\000S\000y\000n\000t\000h\000e\000t\000i\000c\000\040\000F\000i\000n\000i\000t\000e\000\040\000M\000e\000t\000r\000i\000c\000\040\000B\000e\000n\000c\000h\000m\000a\000r\000k}{section.11}% 36
\BOOKMARK [2][-]{subsection.11.2}{\376\377\000T\000a\000b\000u\000l\000a\000r\000\040\000D\000a\000t\000a\000\040\000B\000e\000n\000c\000h\000m\000a\000r\000k}{section.11}% 37
\BOOKMARK [2][-]{subsection.11.3}{\376\377\000S\000t\000a\000b\000i\000l\000i\000t\000y\000G\000a\000p\000D\000i\000a\000g\000n\000o\000s\000t\000i\000c\000\040\000A\000l\000g\000o\000r\000i\000t\000h\000m}{section.11}% 38
\BOOKMARK [2][-]{subsection.11.4}{\376\377\000S\000u\000m\000m\000a\000r\000y\000\040\000o\000f\000\040\000E\000x\000p\000e\000r\000i\000m\000e\000n\000t\000a\000l\000\040\000F\000i\000n\000d\000i\000n\000g\000s}{section.11}% 39
\BOOKMARK [1][-]{section.12}{\376\377\000E\000x\000t\000e\000n\000s\000i\000o\000n\000s\000\040\000t\000o\000\040\000A\000d\000d\000i\000t\000i\000v\000e\000\040\000L\000o\000c\000a\000l\000\040\000V\000o\000t\000e\000\040\000R\000u\000l\000e\000s}{}% 40
\BOOKMARK [2][-]{subsection.12.1}{\376\377\000D\000e\000f\000i\000n\000i\000t\000i\000o\000n}{section.12}% 41
\BOOKMARK [2][-]{subsection.12.2}{\376\377\000I\000n\000s\000t\000a\000n\000t\000i\000a\000t\000i\000o\000n\000s}{section.12}% 42
\BOOKMARK [2][-]{subsection.12.3}{\376\377\000G\000e\000n\000e\000r\000a\000l\000i\000z\000e\000d\000\040\000M\000a\000r\000g\000i\000n\000\040\000C\000r\000i\000t\000e\000r\000i\000o\000n}{section.12}% 43
\BOOKMARK [2][-]{subsection.12.4}{\376\377\000U\000n\000i\000f\000o\000r\000m\000\040\000C\000a\000l\000c\000u\000l\000u\000s\000\040\000f\000o\000r\000\040\000D\000L\000V\000R\000s}{section.12}% 44
\BOOKMARK [2][-]{subsection.12.5}{\376\377\000L\000O\000O\000/\000R\000e\000p\000l\000a\000c\000e\000-\000O\000n\000e\000\040\000S\000e\000p\000a\000r\000a\000t\000i\000o\000n\000\040\000f\000o\000r\000\040\000D\000L\000V\000R\000s}{section.12}% 45
\BOOKMARK [1][-]{section.13}{\376\377\000D\000i\000s\000c\000u\000s\000s\000i\000o\000n\000\040\000a\000n\000d\000\040\000O\000p\000e\000n\000\040\000P\000r\000o\000b\000l\000e\000m\000s}{}% 46
\BOOKMARK [2][-]{subsection.13.1}{\376\377\000R\000e\000l\000a\000t\000i\000o\000n\000s\000h\000i\000p\000\040\000t\000o\000\040\000O\000t\000h\000e\000r\000\040\000N\000o\000t\000i\000o\000n\000s\000\040\000o\000f\000\040\000S\000t\000a\000b\000i\000l\000i\000t\000y}{section.13}% 47
\BOOKMARK [2][-]{subsection.13.2}{\376\377\000S\000u\000m\000m\000a\000r\000y\000\040\000o\000f\000\040\000E\000s\000t\000a\000b\000l\000i\000s\000h\000e\000d\000\040\000R\000e\000s\000u\000l\000t\000s}{section.13}% 48
\BOOKMARK [2][-]{subsection.13.3}{\376\377\000P\000r\000a\000c\000t\000i\000c\000a\000l\000\040\000I\000m\000p\000l\000i\000c\000a\000t\000i\000o\000n\000s}{section.13}% 49
\BOOKMARK [2][-]{subsection.13.4}{\376\377\000L\000i\000m\000i\000t\000a\000t\000i\000o\000n\000s}{section.13}% 50
\BOOKMARK [2][-]{subsection.13.5}{\376\377\000O\000p\000e\000n\000\040\000P\000r\000o\000b\000l\000e\000m\000s}{section.13}% 51
\BOOKMARK [2][-]{subsection.13.6}{\376\377\000C\000l\000o\000s\000i\000n\000g\000\040\000R\000e\000f\000l\000e\000c\000t\000i\000o\000n}{section.13}% 52
\BOOKMARK [1][-]{appendix.A}{\376\377\000P\000r\000o\000o\000f\000\040\000S\000k\000e\000t\000c\000h\000e\000s\000\040\000a\000n\000d\000\040\000D\000e\000f\000e\000r\000r\000e\000d\000\040\000P\000r\000o\000o\000f\000s}{}% 53
\BOOKMARK [2][-]{subsection.A.1}{\376\377\000U\000n\000i\000f\000o\000r\000m\000\040\000p\000e\000r\000t\000u\000r\000b\000a\000t\000i\000o\000n\000\040\000c\000a\000l\000c\000u\000l\000u\000s}{appendix.A}% 54
\BOOKMARK [2][-]{subsection.A.2}{\376\377\000D\000e\000t\000e\000r\000m\000i\000n\000i\000s\000t\000i\000c\000\040\000k\000-\000N\000N\000\040\000p\000e\000r\000t\000u\000r\000b\000a\000t\000i\000o\000n\000\040\000c\000r\000i\000t\000e\000r\000i\000o\000n}{appendix.A}% 55
\BOOKMARK [2][-]{subsection.A.3}{\376\377\000T\000w\000o\000-\000p\000o\000i\000n\000t\000\040\0001\000-\000N\000N\000\040\000w\000i\000t\000n\000e\000s\000s}{appendix.A}% 56
\BOOKMARK [2][-]{subsection.A.4}{\376\377\000P\000r\000o\000o\000f\000\040\000o\000f\000\040\000t\000h\000e\000\040\000G\000e\000n\000e\000r\000a\000l\000\040\000O\000d\000d\000-\000k\000\040\000S\000e\000p\000a\000r\000a\000t\000i\000o\000n\000\040\000\050\000T\000h\000e\000o\000r\000e\000m\000\040\0007\000.\0001\000\051}{appendix.A}% 57
\BOOKMARK [2][-]{subsection.A.5}{\376\377\000P\000r\000o\000o\000f\000\040\000o\000f\000\040\000t\000h\000e\000\040\000E\000v\000e\000n\000-\000k\000\040\000S\000e\000p\000a\000r\000a\000t\000i\000o\000n\000\040\000\050\000T\000h\000e\000o\000r\000e\000m\000\040\0008\000.\0001\000\051}{appendix.A}% 58
\BOOKMARK [2][-]{subsection.A.6}{\376\377\000P\000r\000o\000o\000f\000\040\000D\000e\000t\000a\000i\000l\000s\000\040\000f\000o\000r\000\040\000t\000h\000e\000\040\000S\000t\000a\000b\000i\000l\000i\000t\000y\000\040\000H\000i\000e\000r\000a\000r\000c\000h\000y\000\040\000\050\000S\000e\000c\000t\000i\000o\000n\000\040\0009\000\051}{appendix.A}% 59
\BOOKMARK [2][-]{subsection.A.7}{\376\377\000M\000a\000r\000g\000i\000n\000\040\000C\000e\000r\000t\000i\000f\000i\000c\000a\000t\000e\000\040\000P\000r\000o\000o\000f\000s}{appendix.A}% 60
\BOOKMARK [1][-]{appendix.B}{\376\377\000E\000n\000u\000m\000e\000r\000a\000t\000i\000o\000n\000\040\000P\000r\000o\000t\000o\000c\000o\000l}{}% 61
\BOOKMARK [2][-]{subsection.B.1}{\376\377\0001\000-\000N\000N\000\040\000w\000i\000t\000n\000e\000s\000s\000\040\000s\000e\000a\000r\000c\000h}{appendix.B}% 62
\BOOKMARK [2][-]{subsection.B.2}{\376\377\000T\000i\000e\000-\000f\000r\000e\000e\000\040\000f\000i\000l\000t\000e\000r\000i\000n\000g}{appendix.B}% 63
\BOOKMARK [2][-]{subsection.B.3}{\376\377\000O\000d\000d\000-\000k\000\040\000g\000a\000d\000g\000e\000t\000\040\000c\000a\000n\000d\000i\000d\000a\000t\000e\000\040\000s\000e\000a\000r\000c\000h}{appendix.B}% 64
\BOOKMARK [1][-]{appendix.C}{\376\377\000A\000d\000d\000i\000t\000i\000o\000n\000a\000l\000\040\000F\000i\000g\000u\000r\000e\000s}{}% 65
\BOOKMARK [1][-]{appendix.D}{\376\377\000B\000i\000b\000l\000i\000o\000g\000r\000a\000p\000h\000i\000c\000\040\000N\000o\000t\000e\000s}{}% 66
